[NbConvertApp] Converting notebook notebooks/run_cellprofiler_analysis.ipynb to script
[NbConvertApp] Writing 3176 bytes to scripts/run_cellprofiler_analysis.py
[NbConvertApp] Converting notebook notebooks/run_cellprofiler_pipe_with_sam_outputs.ipynb to script
Traceback (most recent call last):
  File "/projects/mlippincott@xsede.org/software/anaconda/envs/cellprofiler_timelapse_env/lib/python3.8/site-packages/nbformat/reader.py", line 19, in parse_json
    nb_dict = json.loads(s, **kwargs)
  File "/projects/mlippincott@xsede.org/software/anaconda/envs/cellprofiler_timelapse_env/lib/python3.8/json/__init__.py", line 357, in loads
    return _default_decoder.decode(s)
  File "/projects/mlippincott@xsede.org/software/anaconda/envs/cellprofiler_timelapse_env/lib/python3.8/json/decoder.py", line 337, in decode
    obj, end = self.raw_decode(s, idx=_w(s, 0).end())
  File "/projects/mlippincott@xsede.org/software/anaconda/envs/cellprofiler_timelapse_env/lib/python3.8/json/decoder.py", line 353, in raw_decode
    obj, end = self.scan_once(s, idx)
json.decoder.JSONDecodeError: Expecting ',' delimiter: line 40 column 12 (char 655)

The above exception was the direct cause of the following exception:

Traceback (most recent call last):
  File "/projects/mlippincott@xsede.org/software/anaconda/envs/cellprofiler_timelapse_env/bin/jupyter-nbconvert", line 11, in <module>
    sys.exit(main())
  File "/projects/mlippincott@xsede.org/software/anaconda/envs/cellprofiler_timelapse_env/lib/python3.8/site-packages/jupyter_core/application.py", line 283, in launch_instance
    super().launch_instance(argv=argv, **kwargs)
  File "/projects/mlippincott@xsede.org/software/anaconda/envs/cellprofiler_timelapse_env/lib/python3.8/site-packages/traitlets/config/application.py", line 1043, in launch_instance
    app.start()
  File "/projects/mlippincott@xsede.org/software/anaconda/envs/cellprofiler_timelapse_env/lib/python3.8/site-packages/nbconvert/nbconvertapp.py", line 369, in start
    self.convert_notebooks()
  File "/projects/mlippincott@xsede.org/software/anaconda/envs/cellprofiler_timelapse_env/lib/python3.8/site-packages/nbconvert/nbconvertapp.py", line 541, in convert_notebooks
    self.convert_single_notebook(notebook_filename)
  File "/projects/mlippincott@xsede.org/software/anaconda/envs/cellprofiler_timelapse_env/lib/python3.8/site-packages/nbconvert/nbconvertapp.py", line 506, in convert_single_notebook
    output, resources = self.export_single_notebook(notebook_filename, resources, input_buffer=input_buffer)
  File "/projects/mlippincott@xsede.org/software/anaconda/envs/cellprofiler_timelapse_env/lib/python3.8/site-packages/nbconvert/nbconvertapp.py", line 435, in export_single_notebook
    output, resources = self.exporter.from_filename(notebook_filename, resources=resources)
  File "/projects/mlippincott@xsede.org/software/anaconda/envs/cellprofiler_timelapse_env/lib/python3.8/site-packages/nbconvert/exporters/exporter.py", line 190, in from_filename
    return self.from_file(f, resources=resources, **kw)
  File "/projects/mlippincott@xsede.org/software/anaconda/envs/cellprofiler_timelapse_env/lib/python3.8/site-packages/nbconvert/exporters/exporter.py", line 208, in from_file
    return self.from_notebook_node(nbformat.read(file_stream, as_version=4), resources=resources, **kw)
  File "/projects/mlippincott@xsede.org/software/anaconda/envs/cellprofiler_timelapse_env/lib/python3.8/site-packages/nbformat/__init__.py", line 174, in read
    return reads(buf, as_version, capture_validation_error, **kwargs)
  File "/projects/mlippincott@xsede.org/software/anaconda/envs/cellprofiler_timelapse_env/lib/python3.8/site-packages/nbformat/__init__.py", line 92, in reads
    nb = reader.reads(s, **kwargs)
  File "/projects/mlippincott@xsede.org/software/anaconda/envs/cellprofiler_timelapse_env/lib/python3.8/site-packages/nbformat/reader.py", line 75, in reads
    nb_dict = parse_json(s, **kwargs)
  File "/projects/mlippincott@xsede.org/software/anaconda/envs/cellprofiler_timelapse_env/lib/python3.8/site-packages/nbformat/reader.py", line 25, in parse_json
    raise NotJSONError(message) from e
nbformat.reader.NotJSONError: Notebook does not appear to be JSON: '{\n "cells": [\n  {\n   "cell_type": "c...
fatal: destination path 'CellProfiler-plugins' already exists and is not an empty directory.
Traceback (most recent call last):
  File "run_cellprofiler_pipe_with_sam_outputs.py", line 56, in <module>
    shutil.rmtree(CP_input_dir)
  File "/projects/mlippincott@xsede.org/software/anaconda/envs/cellprofiler_timelapse_env/lib/python3.8/shutil.py", line 722, in rmtree
    onerror(os.rmdir, path, sys.exc_info())
  File "/projects/mlippincott@xsede.org/software/anaconda/envs/cellprofiler_timelapse_env/lib/python3.8/shutil.py", line 720, in rmtree
    os.rmdir(path)
OSError: [Errno 39] Directory not empty: '/gpfs/alpine1/scratch/mlippincott@xsede.org/live_cell_timelapse_apoptosis/3b.run_sam/sam2_processing_dir/CP_input'
CellProfiler analysis is completed.
